<?xml version="1.0" encoding="UTF-8"?>
<testng-results skipped="0" failed="1" total="2" passed="1">
  <reporter-output>
  </reporter-output>
  <suite name="Default suite" duration-ms="3573" started-at="2014-08-25T09:21:27Z" finished-at="2014-08-25T09:21:31Z">
    <groups>
    </groups>
    <test name="Default test" duration-ms="3573" started-at="2014-08-25T09:21:27Z" finished-at="2014-08-25T09:21:31Z">
      <class name="tv.zhiping.mec.testcase.GetFeedTest">
        <test-method status="FAIL" signature="getCsvDataTest()[pri:0, instance:tv.zhiping.mec.testcase.GetFeedTest@35851384]" name="getCsvDataTest" duration-ms="58" started-at="2014-08-25T17:21:27Z" finished-at="2014-08-25T17:21:28Z">
          <exception class="java.lang.AssertionError">
            <message>
              <![CDATA[expected [true] but found [false]]]>
            </message>
            <full-stacktrace>
              <![CDATA[java.lang.AssertionError: expected [true] but found [false]
	at org.testng.Assert.fail(Assert.java:94)
	at org.testng.Assert.failNotEquals(Assert.java:494)
	at org.testng.Assert.assertTrue(Assert.java:42)
	at org.testng.Assert.assertTrue(Assert.java:52)
	at tv.zhiping.mec.testcase.GetFeedTest.getCsvDataTest(GetFeedTest.java:116)
	at sun.reflect.NativeMethodAccessorImpl.invoke0(Native Method)
	at sun.reflect.NativeMethodAccessorImpl.invoke(NativeMethodAccessorImpl.java:62)
	at sun.reflect.DelegatingMethodAccessorImpl.invoke(DelegatingMethodAccessorImpl.java:43)
	at java.lang.reflect.Method.invoke(Method.java:483)
	at org.testng.internal.MethodInvocationHelper.invokeMethod(MethodInvocationHelper.java:84)
	at org.testng.internal.Invoker.invokeMethod(Invoker.java:714)
	at org.testng.internal.Invoker.invokeTestMethod(Invoker.java:901)
	at org.testng.internal.Invoker.invokeTestMethods(Invoker.java:1231)
	at org.testng.internal.TestMethodWorker.invokeTestMethods(TestMethodWorker.java:127)
	at org.testng.internal.TestMethodWorker.run(TestMethodWorker.java:111)
	at org.testng.TestRunner.privateRun(TestRunner.java:767)
	at org.testng.TestRunner.run(TestRunner.java:617)
	at org.testng.SuiteRunner.runTest(SuiteRunner.java:334)
	at org.testng.SuiteRunner.runSequentially(SuiteRunner.java:329)
	at org.testng.SuiteRunner.privateRun(SuiteRunner.java:291)
	at org.testng.SuiteRunner.run(SuiteRunner.java:240)
	at org.testng.SuiteRunnerWorker.runSuite(SuiteRunnerWorker.java:52)
	at org.testng.SuiteRunnerWorker.run(SuiteRunnerWorker.java:86)
	at org.testng.TestNG.runSuitesSequentially(TestNG.java:1224)
	at org.testng.TestNG.runSuitesLocally(TestNG.java:1149)
	at org.testng.TestNG.run(TestNG.java:1057)
	at org.testng.remote.RemoteTestNG.run(RemoteTestNG.java:111)
	at org.testng.remote.RemoteTestNG.initAndRun(RemoteTestNG.java:204)
	at org.testng.remote.RemoteTestNG.main(RemoteTestNG.java:175)
]]>
            </full-stacktrace>
          </exception> <!-- java.lang.AssertionError -->
          <reporter-output>
          </reporter-output>
        </test-method> <!-- getCsvDataTest -->
        <test-method status="PASS" signature="getFeedTest(java.lang.String, java.lang.String, java.lang.String, java.lang.String, java.lang.String, java.lang.String, java.lang.String, java.lang.String)[pri:0, instance:tv.zhiping.mec.testcase.GetFeedTest@35851384]" name="getFeedTest" duration-ms="3464" started-at="2014-08-25T17:21:28Z" data-provider="test1" finished-at="2014-08-25T17:21:31Z">
          <params>
            <param index="0">
              <value>
                <![CDATA[No1]]>
              </value>
            </param>
            <param index="1">
              <value>
                <![CDATA[天猫魔盒实时获取feed接口校验]]>
              </value>
            </param>
            <param index="2">
              <value>
                <![CDATA[192.168.0.110:9080]]>
              </value>
            </param>
            <param index="3">
              <value>
                <![CDATA[/api/v1/get_feeds]]>
              </value>
            </param>
            <param index="4">
              <value>
                <![CDATA[nolive]]>
              </value>
            </param>
            <param index="5">
              <value>
                <![CDATA[112804]]>
              </value>
            </param>
            <param index="6">
              <value>
                <![CDATA[480000]]>
              </value>
            </param>
            <param index="7">
              <value>
                <![CDATA[3307]]>
              </value>
            </param>
          </params>
          <reporter-output>
          </reporter-output>
        </test-method> <!-- getFeedTest -->
      </class> <!-- tv.zhiping.mec.testcase.GetFeedTest -->
    </test> <!-- Default test -->
  </suite> <!-- Default suite -->
</testng-results>
